265594967225093520
2207494346953015
188124660577362795
50515628885919275
139704795751154860
120596028756922705
58144575151161590
160619345093366215
53283533862763465
126812494882347209
272771572651051174
5810028487634839
78316929324134865
27120859280417020
56884113990100649
31927680778523390
165651332861860335
234838012152554104
85125093551244634
23456856619418755
144630597752303455
291659264515281165
13481873179763010
19288093352144785
30408728726513571
75214135202492399
228434770067906311
157405009245655435
73145966616505071
199137511503048209
13954236415289924
159236118245602475
90442734935824194
148192222690583709
312132880201643179
84563611659946895
48004731348625015
24118702280237851
104801187752377130
134401964701944345
322954457356987756
178535310093771735
316846377747700129
153236959330264315
4116459061275484
119582398704762980
102597887306072730
169654593852763640
63973934889407711
161495550004072955
60914739283141926
165898651221520880
135541484811063926
180512561352001445
235313388055617404
124907830667981270
132007794481419766
120269850365604956
1594485109255610
178812453229728205
275291941877956570
325986480378677299
280667965981836144
10194759016268580
19212343998863339
312038611746224
243691990823197439
286059341441913636
99819306631650055
133007976944903191
114842462189907075
149183514046013446
276690391926554991
81801832816682155
30825237680452550
65723803907113529
75615876093666180
90759533568708984
51286705623868924
483966215353885
134004483292465140
110990594976595235
154052653529959275
204828653148713571
316957566784755174
130553874911691525
265227716007540
9455076718321299
130943970269980889
4264592101359954
90178533027003015
222859318121157415
31241818495405840
52020357139760996
631682107299374
10384776385207029
101994137697118939
100860894163679174
179168540272537395
106361980465715169
309421544344582110
97416435741973985
58850466624009360
14634368733653900
251464119794818505
279036685779819380
48540827662598635
23371395301474080
303964248634888674
295292323373316450
210258504764653619
328980915499027514
52336659488555780
45003083270845530
199579752310159221
232153161204862430
187045647448759815
224791670146215835
71399218799030851
12005700310400
325060237100991565
109643747809516020
171411106454719581
233229676195551170
114138668916714205
80863143244150149
180876223303239970
7531021134735450
313625514616592365
20664213487784699
142759995667545576
317253552998496555
194556758331878335
19350545094654405
3103943253955704
37940487633678630
13615931775909345
72645056849887081
20893589890320840
243576770729011356
302456524351576735
110843656804584830
1255677800799786
204869131667246695
67192992037411669
197002296792908395
175341349794930619
36789745911779355
41995402434690656
322541439418460465
166947770582675061
84547582808595555
15042317159242324
333048914265824190
248262442521327325
3411593147520546
95215428462422191
5224568924199910
49156505017877950
31164918933057610
321635406824056325
21236440395834609
129920556500778065
25432888658219756
150417359593756970
811037163230750
6260794554080885
143544378552371805
262362833766785136
175558433441738086
91285237728441160
97977683923477765
236338412840036950
40965264610559289
267203682015911290
26557193994253636
306652169379781099
208537003892761621
269965893971522805
155802906802366021
482787544728035
308627650297620065
215494005070105649
25982958793427470
205341533832165250
246457555338407124
164258662877140510
216672965829560620
26844659923338334
3513517484241765
228091375437584230
18480410835435835
141045887956348370
103381689678739120
120527497663819870
189050867501678876
55921078199280775
2755495121520086
138635054632883795
240017312505418855
253298334659787769
12156010541659985
130204093412060486
174407916311543914
239384020711506069
19949731795927779
326777290923278900
101008347742322050
85151662539586035
195071942070693520
192702807273589220
322387871005112990
61068153974800280
331967702537066140
57217037088105389
260212820749040160
71054667727859725
138252067401313515
237301823845738435
51949662029220670
308916527382593481
54348088176555
201160957400175031
115475631571105974
258356304432707770
87983800662727810
311337219719826251
290533668536564725
37662152840158440
144070227277469450
219000691249998169
8469906884508715
17408167901874450
160910855208502316
222174937632176359
79540921345929680
225726546303560574
124521005527207905
179134827204683609
175200634510980295
212368319702132820
36950352137587875
15709408902912585
164738267233065630
104838181874050210
24235402531050370
139194658327240724
318779926854976755
174069191168213041
262460028079108285
294108634584521380
253591567474417865
3797305328737704
88846185891344366
13156030275592820
297494915335257745
23275457334475450
44549065157559949
238609377532383261
193543032990292216
208193396817093386
266891422908357989
123642341979614780
17495917549407415
21193559709709750
71442186767580711
75524598079294
40789519771768221
93966152645692844
256752243441918210
263127394122275760
302157639630836899
95938107737642534
2920159962921061
15380332341931895
167973439132863845
7200245865561749
29448526204009505
189772585483790414
321570964430053536
82952136206529499
227927568657315409
190878600003162785
6000848999876731
1023574296837975
313160055158191955
2977777434791159
307527958573734249
11644304212657545
19858222094046960
276829083185553794
4099385977817724
299048437935536310
184488505462044519
99628750217661314
212570146118825
331687549392205176
107521876371070719
105625901658356079
219262284639476710
249256322090318529
90004216341840190
227084160391598705
3785672597865089
174730176955956050
3908903797089396
314764710847506950
23513832600184094
257473878114241775
311872611465036531
290693377549405900
166865797076768496
7869881770323755
29988559241058054
293871357627355695
267183835106908335
211908115686696225
222387128758757886
50314931651095385
247944598739228344
53600495200478394
213809449195435415
282276052808794044
69515088036562996
85260411424398930
52154389907226439
153291169710331249
25447462674577685
73548348262711495
50538656503627655
130188597706213060
112423996527128441
151047149439335044
3134271913008521
816076617160805
92380129898662689
109317188148365885
92823767325538370
291566878365880766
293848372458693170
58328649525481105
139068993329489924
81050771057677330
278294790362554070
93017503795836725
14954269608481280
122968831547489395
251066552720871225
82735514808514325
33325064572607220
206959536789115880
109571334559579984
216757019786138260
37012461253062734
249654450503738371
132348912509641994
26834217904265450
127867051224380286
325003204130218600
30339879794234101
67205369339438875
323267881256650316
68653915850063115
129734426091542046
75949636940219076
52537733499542145
20984294392233991
248462157610780759
120227282678013030
242147663486203461
7546456035814410
319945185720488914
198234481641385384
317336771824899090
152735376141414690
322569810893424159
13901255379425904
1250141804416860
98942797424468165
29558952724854979
12696072278791165
21672636458484635
24765124994311996
33848856681713290
267075988655367460
3554926468683590
61444071653235090
227939211098745704
118222879803181725
175532999972657690
276521728084141840
26063331114110850
40265058174253605
36724209072226160
49472873697343880
8314087527598776
20468724107703061
23165580443256069
1523704673353981
253318320621750125
147970400017308175
231039235225046260
183797066041710506
50403433936233405
160195624531320210
79227021482599719
314021277351936855
266141961043247554
91715212471332785
243175407188332596
187006191723724966
126835597857759275
304931967634405376
256787536789777735
70415704505123271
51194304147641451
16467191309719480
17655370687068274
3034011260828196
332446620756485100
11096896940727010
5150641418771849
288487291446539705
56576392532190636
28155182320029660
27331700988476940
23187561924832734
186304400792205674
6078318118345485
171148719813635880
313522785998007404
176861749738066
60902180992709875
110040202738005251
81926543564312370
87298006234310886
76565330110913595
62361654568548335
114495354806483505
284039446183771955
147844740657791611
28449006093296580
318532468236241975
41297139483667535
28304641176716935
310300689182046640
16386273467256575
216589683796970756
51450258199029585
40859313093759875
241101063036430025
9882312896593250
81083109674994119
23618984668907914
189144751677371944
241427549018596955
75772949411321855
45358245190671975
7658889209645765
253528236698187815
250157868299104376
270100590793899035
7071723359868816
68821455868562075
190293055411307060
16880705743128799
300716583727448265
3265476321129286
179288884132814126
171021792699630705
226324711107405274
232426696668332880
138606640349236345
189863959872414156
250506530118110399
319765206859555534
194299158063617971
221623720125654770
298545483284889651
186927976952929121
27275307252823490
100491314563891680
21589955494743195
312390420702934705
329996033270534826
34337658972739275
83514815587142585
133613222689160461
33702800343731610
6206404119458895
95623716478510561
43782890999513575
203440443744558921
56931815034571114
226833401034007691
107448049869782916
278412731108255380
29734092525109250
171997792482704825
202167410670650334
86757569077035549
183897947322114081
54018819847904200
99796480747686189
152546451518555611
82149219544148925
141201504771514824
485827794664030
147094017048141864
31866591535688624
315627906896873286
21686221428166009
66423105017971065
134332662509360285
30666413239541585
237190221113323345
8455826536602030
52562539056849680
2532714338483209
74146239368873464
98306958168153329
287496710005711635
169301045370308110
80318646973774495
45285266788256825
22072837269622645
97433611890621916
222675100130367899
8646837806112324
254921442338103254
315052588797421375
31475764266792986
121041350688170355
142925399598785510
242933181125362835
66906333634665264
16122533162224475
90812054946176234
45693998694437296
16534060972397024
232132733267687889
14817196006809119
224037343616366280
9025178443328180
89731280247342531
77248463142839119
865619828593226
30862061640209660
268869134331477421
297815763355204990
90899074900744850
28950498576078830
155710776248612269
7444403469325306
200061778711214720
7356249319531720
17999169250914445
171853728259053225
104194343493598540
4969183735500369
298796425221991086
13535319631093169
213457101266886790
211450053546728655
155031459343379904
239241302974770460
177291709435908570
47745287150585670
291483656069504365
166992552061192685
263860064037277925
199802184394279805
86488392344103750
233213125646808876
1281098756962640
17953064344230920
123148949707376970
194909319947111
232003122368376919
165129258555660630
271629705715860821
141309263104758215
47428703192680810
66609895294229275
165517105652928736
53072334499260986
132947824014066320
127779432794295855
119913403223412540
186090070587614440
139318162953464495
36798490043604190
318414121574587830
47808553321246825
514767781385550
11779577638731279
271950887760838685
314308701905331301
219827764363965616
174082161056213151
1605183483451534
100052239829468675
115319339255601091
271042980907271284
64371360905959819
62374412692299799
330574479797677129
1037453274443014
71481589212696866
153236363682808791
68460536920305005
9374482125444380
23843321947190135
101285153924020144
248522175239194871
11067119628634930
26178697960459485
296038243441387070
42953567826807820
1419736330307945
224460387935205764
293985381780604409
159498421792366305
329769609436076524
69596003182124111
296650316277658265
242636086814876175
247038553687703679
10976463546816650
309968075953466021
4864293215509945
84558802791844029
323711918588440810
46959298834793290
3910297594115709
198782347525943935
170356774420889490
1468849321720045
86847282632946759
280306990134264954
44114210203663630
188547028764785740
152868548715457394
274976050264653431
59706511072248950
101750038433833790
18276591278701055
148567087424956431
246151874962825125
16248041215509210
41080561500346970
79310314434741580
298091357289551875
184266814032321735
31143500288127694
106796368430798410
1785983687861260
14956037284977971
221477492076943314
104966341277240856
322608946692316779
273383568671807720
29176620842738005
181248367491137114
191307150496000916
226961853433393870
3793964806324135
330323935507971391
66473951081583240
68665076715950715
204406115929742691
33240050870249475
60902502978593719
94347583274780575
270237940756843634
298762028571006560
210466720216669436
7349642369566706
113244840992782186
7927548844105476
274977809436791244
115270557636165190
861545368563110
13806347482766860
93033731838513900
157154092699917664
130816889753170371
88134488490092429
299355508172349595
215483537995918310
144715437800269405
223509860700480640
2008909934938891
212712056588110156
207681612133579320
38451716667031745
44625176033139690
109760533679348890
54123814399995480
142324078630841704
289868084744790720
302804377925461244
142087761455519096
281439976604953089
124341106232714280
77529884454881004
22621213834501910
273829789353315866
181799863507788955
18094052798524829
7827655985142994
158977154578561151
53274109169579865
156168776299781649
124193479992110045
140679288234424536
19106004089958690
224520317422081191
147473414963297215
270071909652780130
247744340617670770
23571242771632150
11208724989128345
161949367854695490
131175285377221085
127185635644806164
24561387524330110
35803324222588676
92759816651361595
114371312537805155
9917221458457244
80962370805870164
322062310820518100
244212556289820195
172698678334748825
32153464323823796
9523042364110155
227094225578259559
114471323810285541
20301549258780270
191857405448753030
262913918934834635
258032430094761594
87276313034694784
90227063980893749
208447775966048220
329738831740097660
242344086041674815
101568351823367165
103146360082346091
25287275217916075
24372057023896330
184504684436210875
121298059425085335
149445205384617494
300742726784578035
230188163439852436
16465306480572769
86319678181697295
121191053387748850
45086297370919420
54135422703480596
224983209037383104
224360529157265999
72460518364631826
47347802726181694
37548915350359105
104638517003631130
179319309241790345
150539763115071330
95581965569905425
192559191561472940
53574181679578950
24094227303991560
64295216239253285
173009788706677970
88105243258293525
69350636996821774
128203116628855840
47589141493140324
180762484964319049
26011618110219105
327554553030760250
52021226740828345
90893187741207731
5353632685584664
300240671693090870
56119333453828776
138365553906343981
13674726949557765
141921306672080845
223432494746269394
268038139979942541
44996241103588189
52311343160404609
58041301152002685
19832454541014115
288800722198224145
16269400746051530
1093252166493200
212081169007411110
218291808775531400
151091400755760894
11857499564772680
248532864323750930
193494318204489281
216463675911872584
98248484795150251
65864830061470825
287514379036915
44757464147823895
27807029313083384
53304743486372581
292276281692861466
309507194951894415
20102205544266180
1453662069641389
113414848884326220
241800344606668246
22636191004914215
193789515854125485
125489308488396440
117323279645191425
43244550665126629
184381343646640280
158117997781864246
253259198529393546
25606698772075850
222571951854766019
280950723687542155
110588025258156936
76192750084227230
264133131770267284
120674744634183735
102765738442718274
90561814930287220
89529230228624601
214991967745872001
183530244974573615
110138151232463566
20059330442841249
81776749106703819
125720942313598954
281219385423575041
27329813655128955
72176003218157244
196594815896536409
238650190744616695
254148665462840979
299265226330872450
109131349102996709
289992918107928140
21137535419285670
31940661822555205
38097357501811495
202598338350096395
82826386564719980
267812077680590
97756811080581015
10254728898309090
53239953973081771
4266616376751520
94680344169446945
202423312252353325
163187306527099569
125239213786956360
109115199146934960
62340394895181195
74890664500224550
288630805484234760
165359136695529070
331516145542320830
156916755792527956
54050928396969490
140310515971743040
25968545828010959
3846320914220070
286659394644197960
225429015236815525
1496708086522600
166582879592295760
1438579866343906
105243373576009835
247854305084889489
197805529527720856
65217978927463956
100971809162846545
60985613259725336
144493089790201815
124237496636091580
14178836152388726
292214907241868940
278155609947846675
10192998744783735
191236026136588664
140783966112140065
94552930950002425
234536481057108230
6665468569107425
132641921263438705
203170026518316965
180283445897888880
25927707669973695
168986133043805215
94945037551765415
12867549650929315
48958591215071615
232731139204239390
74517648036292769
274787862194350920
21468899482874195
73495780223316751
45447988945424065
2194612396762800
3434696355577655
305213819613421425
325165470606798390
247094246464633701
132231182071043245
91189964293058071
66414576340217665
269454454457597071
210254091790035340
37257880965642364
118599568409098100
6689662132983389
190911012172704165
283058181923759481
198232360091043290
102910474289474965
184343611004262724
98259114592399775
1199967432998010
37509743811442581
3467711323148050
102957074327290560
42895171495234421
61074283010636286
221137304121113666
144725758446873070
96711759081261819
130213712054799515
138150316146412075
85558534590407359
54272466422128526
81250004397323321
76181535326870295
149690195714355791
130883905090535121
33246502527791930
99397814040969731
157922228330935145
153023221069339024
310007138532566090
152901259171187709
249661873066154275
229782920781710505
319521127252046860
209860849723828520
136414945564474940
23712601486399475
1483411369279735
262226461173504256
331641703041677105
44494715951202165
326799001984263095
797831349050615
836313930431265
178098402918456020
20147605836955520
248245188218380955
53667648471985240
3797558478488319
132328385663332075
134047519497331820
94485815092565
177442080640908825
239604623159534394
92956878864596790
290072210453035920
301501534703605445
187543401486995645
128587457584380179
175215614500155895
74761388687489075
132895272790927999
274815117763302039
139290214338535070
321349387366397195
25739388054104429
61495584942306025
129071884868162236
88938576686480430
74852235566600170
2409207532733920
38796584435440095
45685757518307585
245841549601547195
33268874737179510
115163680396814665
114820839589725409
192937463687531885
121292962471775550
81952050346882210
81641620553019934
238294232282195180
305870575713395861
239638327095272755
34547726954714064
201293100178190111
8162551958664115
159448873905293349
183501360469084086
298641196404182555
18853658011299510
39439447874817480
229151411984461260
172018379656153641
151642018322531820
103217287583351956
20891380856950709
199880394643088640
151084319964423076
16823690930357366
50298207298526704
174637876331739315
110380165538303675
59757366644529510
21195152753287535
72996179328478405
234450263764689259
209625140006658376
138406735924765910
189298322679780600
173835843331216261
270557154836417185
281341723375624934
246665300681202755
176744132336887885
306346745390401625
210598489272886450
3190784576682780
118415889345336385
158919170586300691
15343055584995930
54230733010131956
6524653773503250
2974635631058770
68027715988106966
273965768257369356
25598386991541455
210813560164735360
308545961183136586
75269744243623974
120173580646395661
74652174467268839
251351433211237645
324626757323533096
204066341877381235
26562749033866851
197695388169300230
2330677017192070
245476842964854220
78113779413290074
77866594706441120
156195319559376435
7070497259866040
70390878461370236
3539420574130
176017962699638150
179459573796392535
25553426179534855
103584799618222169
34686477265087766
187792950376471956
174705473602653631
158572781478858319
40865482405877275
45744530781742991
55354187343796580
10995172109707941
86840755926259855
225426703843696160
235331623554475616
191892004377851255
70178323119202936
224054224481540475
18505866978414010
168672881474640620
170639468111574415
115833118846954220
976894628171905
95523273918458265
10819009114445260
96577275070353441
72135264617748500
297528287620027255
249112177193864754
156156108986053930
58594348311984105
221319912032454186
41093936054143349
201477482391509280
207001023436325581
141996025382641955
124504926778441386
193528417696132610
115221297241051240
110747209198753314
226611432018830495
48903215071445140
9031581869402975
320486501617543260
88921170836208725
313632235962351045
4605782755700981
274753575489957004
115587637398826675
26648208913275950
231245277404261120
69719607719927195
4759064564805045
149442862271714760
73583772803802360
48097656565589764
290538230839224655
330635146462323495
277670171919825165
169822302987127539
96914377402813850
307727018367300554
97817738784354680
308790121487681114
57975531743016099
19316981145355189
177438796519209770
35514425271610895
106592821308851540
279146839845466230
102098157024210165
173542510401979334
316400915791553670
21504750416832634
215033027782092116
47890251941499374
97526574269852610
5940741577756804
267597371494047686
71899786530099661
135318221105264770
41235537254347595
218467565346431140
2001963331304186
218054347859199110
178707501045636486
45396616689250720
182452160007159091
116849341639656445
167982304776195404
209241480206924814
299707501378129300
8813873031383835
2363703990360820
147900580475423435
4093581255591465
176551601451504846
153776653332211000
70783456797299301
8237748079746680
142069071274205479
242052319635023114
237409473915484870
178357957040538721
317817015585661306
46661837889970016
209020153861455651
147145609355417085
162048888952238651
121328644143538945
23771538376950510
90764154637097305
116514574331910524
39859322155590644
82596175743514945
321308401890715030
143612820425437025
108232710054385461
235057397722923335
137701650610603871
163548467930794920
321151323184469821
214267187103129055
291587915080164530
143955927485482750
2540297098160415
294268730672480151
211385829946489484
93791710176387565
171390567763127405
220486061450633550
82703527979093945
100862697009654580
287978110118919696
59509084145793655
14030813745581465
173754868579818386
262724449783755820
111162186900981810
763272023129355
228136416641528775
51622232463360515
267826337898486331
308663750080251420
187796361046148946
19565731719471140
69473950931227150
63482767175187971
207783755952002610
321066463454873730
219905811651345435
130735965738001715
320520597670726970
182131832165048180
35756119542227035
99862282443020375
82212915279747750
8166684661412940
151523156306540095
327650438037534810
235394265704062135
85053465348337365
271245144156635600
277441821960285416
122598855195372955
44385107141438495
79899630648387781
17388056390034234
284467493317564205
250413962719567031
234657537314407130
71746677675547520
85811210273602984
173389823185347340
273623713622064961
114840496386818029
253324982842685545
11588930854207889
141065615639334815
42521826242204295
107797731275634400
262048395665481480
56405508779158869
158626414413506051
49787218706459575
89592103972327580
167656381032224734
250045572323263340
83039603175016670
2644070790499229
233702090667894486
248426809283804025
162126803462389730
123951315723459455
139165609026766686
107641387022299510
201222378739197170
45525385180380391
73086318026218505
125595699477663234
125176742074320340
183512107837993550
82272315635874650
112345036718767559
172290670757692305
50244940860952670
9371985399363155
241029356204865060
186926616889020640
315734952747176165
108720970426028689
39226058187037140
214434070071846639
3635962927065400
136354871796150505
261335239236945965
118420905377230070
260525789057573256
59634091746856536
178820375816494335
41621557954789770
22660168225558751
99343816733684315
216612190349601571
5756681231433965
31756118138312920
83783763903412959
10890902307941565
304320785774673955
194009716806510151
176070886054906766
157169237094815364
10740242181170304
159146915073252730
157382573476744980
307700472099877480
323761934997152960
254536946977351324
3959862152409175
51855597971786895
288298434121133345
136039361192755515
40969714127942586
137994172355175059
256811067485092225
99126240947237455
102750222787260265
161686235301233965
203549829417134109
24681097198668890
52857885280251865
199934442735219690
35892312729075
41308821010724190
123093866359791040
94402342304757851
161444355885188145
229595686265845025
57584129640805690
330421354350206980
89581692379436280
63863866747272465
70919154025279715
119384593007763160
47403633271900584
156367320327291505
319052764941194635
211070806101929346
13241998780618050
21877983753549000
122932314732728251
174615781006540874
89406898205963690
190178841945706845
2436411305830895
71761763246774925
223376587895809565
78333303143307850
171167956671309815
423536094276435
311064978992656096
170243656635913169
284700581870072415
402995912697205
252520532860717814
148451587459341144
70944460590264539
133206990124203099
84974238294274134
51630596067620934
327416195285998720
19585750706626
110609113150930290
319847891465879364
265363838642449414
28468783060034015
325304177477110705
199139639506633411
249698988085068670
10316017758185425
135686984994002546
139036053695928290
113630403827497125
264705557774269206
68702404645471836
198759676760657935
103690815665258145
271076958220459440
216643702142584304
13394751143751220
17380099864429981
89067948402597346
4563532609178725
139233769538063359
91860389604677889
82068664084213015
201697744989919750
151206494624382379
38725113268054045
875443286353545
93070465430642799
217506208332511266
214492946781391790
21673768322538046
201938930451354775
74669877650950351
76527455164722961
11180307857048736
197380017252310879
7069501157973605
169007115039587699
279513043784886296
208971805318331110
122108244700757120
12106481417409071
152744291530567105
59635679261599926
304979087985063401
164633274116404610
161909200078474450
97822596429543769
7195515655494375
38840463562517955
147417102251446635
754756525400969
91956976904248391
12967062858255485
91418141019833290
278760539768122720
118936806493430436
57057503959261806
211819406922085405
117587186895356989
53932665367560435
193504756398934101
130551733673581311
4134731458074
74469773572855904
95475903379047491
176465858929320960
15623843946903789
89690845949843215
42593073939455039
260930729578445619
56795553133795385
285757824252507425
6336989286242746
249323059405805490
200447673189559531
206520264419933750
12222884691293600
91543567929775030
81676857117648079
244563807645288651
109914149759127975
4952937926860
15125620255625580
213292210746645459
118929260662104716
171253257434572390
208873666061168551
211644279849617159
41753602058737570
89359909098064745
79517840565660670
4142854947986006
267207565214095
147153146320018355
171410464595771660
54865591465626529
330417377696042950
320726199398056655
14182857727839135
8230708055169586
31360197327890219
178550479563059079
241479975435491820
38548243662815601
17296911519925115
312021865538860685
270457101598004420
119071679146833790
43053397558709431
22896343528783790
3132445756024025
174733752627555
210999286960633570
21378885717075810
159454378719276165
90303242459091480
261506176551238765
178182697435703700
35565916029292649
152283523852430789
188631851856629390
49770892951844246
323953221715631205
116444126364587541
52464821212722520
116102708027652060
107724720402733070
122395172114639880
79413263694860774
298003185861730935
160155747276503330
15070854551553124
127941505559587225
176723824863181505
120789578832276060
68743236647598219
90137964471450910
8383512599922850
277322386425046061
274503105375198474
221824888766135710
141869245498644755
96528681263155570
17527899474582285
141487664267654705
224978592363605605
9032484003666860
256355835793496670
56226726293521464
182371206692282635
214733036754076555
249449975548951359
246761033661854570
68604055508403415
26159813164522890
9684405839352370
603045386850725
129627841272820946
111478435773092250
78687611295771555
188248981727660230
39487910683347764
194484132518407891
154249400317440939
106079724849997379
242747772318874844
63741643204164745
516038069513365
318968275308036024
331995626792362910
63018163117795335
168538296060475910
171454114654422314
240761185976706330
4327808634555029
38647547509025070
90425971496827174
324839025765461740
251794087260279564
332062451902665580
43381287696994871
50020389961424701
228851656508065115
258646671897060446
200315188582830750
26410267497972251
109843048737771669
25263448509636260
24653247693836515
217253530988787370
254435037028128451
47903420147832886
278409183532238374
25623146942178396
50915194007170276
185645656893751376
8622499561141345
9117008442127495
1989697261716900
598587379951274
62769463985417289
11970779930911550
10433764139374680
47579854607854115
160417217144204839
66096807861853890
25914225907193770
26011618110219105
6472571627332291
39878014310710590
147211711504753666
144107959481702371
293625937976144705
196917094533283726
299488637195357290
80633480549595665
7052352247291989
98599229118748710
279024250851367021
103849745542831890
161107238714525900
204892264643469655
34388446132981555
232857871856459550
42061029340886270
53981078843904520
97708704912320580
164087156145154360
59986255349995989
179208869300766305
287096405926828134
12515694276557516
40482441357482185
191470181537054910
11738058945431170
24193270616820305
40709958844032984
1438897980803724
142098523212558485
84038521963783590
186339686080632400
51993404313164649
319263568466502080
296904823961501315
256175404089563530
202150573171470
126774171134538620
120933478336808709
199630193666425200
12618121838682660
31313677902075794
189943678770743730
5562280260184790
420469958072024
297537558142027940
13574698034485511
124293438666750694
39944819711236740
33877378031509895
16521374216009105
232673691727726521
59058736848403839
127962632618144805
18119009482742740
64816065339009971
83359915226391930
149380778703487639
177254950370218790
299807189749632565
265913955774216134
49622998164454715
190905494948578825
257466301511172746
153436588112234735
325618135035403600
12308734444555500
252389254307961295
25302689934233206
332945983470104850
40158366504998910
1085961713670070
29682814188559730
5027132524206521
108916779874695871
188549080636140609
5966775097939215
174704823545853510
5036477712859670
30480523211079620
82101665803771221
10867310844833429
248522175239194871
34100657099336259
318816814010037910
139457962108324120
107951397268169975
4149619215098525
285187868635295005
287225875380788981
292036329002628695
77537827024902530
306564209164501280
60081930835859639
13100235163989715
54010200274059645
328822336808149834
225863837900970851
101741878284260345
9189185329052300
38049804129171310
139319839989237220
449677055291695
118411375037740225
142277587906199151
73621035619651295
631069757625554
223131626811533245
26179614929359620
19216969913553335
70048167786632464
210605852294331335
251518818067183186
202112960881672660
11736554922309079
179674743989417985
59955660660120965
174402721808870270
22137060637758481
177539308996098695
28986599345332706
311061159199940050
118717102045950485
26039202040643780
221952968534558330
280255320177852825
15981830622165331
74730753690716046
165972140849983286
71360920226598170
29271744654544510
13348931521868264
181855274860050869
77183964694255510
132704687754763311
112909222396603941
32169872783542395
119811762916480591
288109659236966281
16010090357852250
191512335975326864
133033452571718139
168148910198451511
46356508756668536
33252739923568060
198819191196184845
151521973912111410
30133553829530830
282142706377777190
74260104512036919
206297230327141009
4171842592773800
112217229339888555
82888059176242606
282429139744955910
97597106475434930
119881033905515484
55232521760001630
713343724766421
34377888837899915
283261789814361094
1608922052861500
26845219393650411
241578396277333921
203163556703839016
297762891025890554
79635599240052751
287503052654389910
147280733986196525
323719763958946710
83127131606923040
220788346290817145
27762378042497735
187132741790024135
11807059423051019
43459919717503520
130557086812755916
10956955283995735
172579367870614705
8902568717118769
75280498485751705
1178023123105920
43914027878189040
286552697431862185
171471448350473180
18142552872636786
215100974958397670
191345827449997800
254387432688085670
55914690654580280
16327700455710944
301139727104176835
289360919474109469
34469677522669375
99671224162913849
3099873002411446
18400847769083381
195517254347397554
63506272342358950
30408120780931894
135436679395239910
95785180626655910
131876792928664369
324558968842264170
110316518771620980
140584785084003164
211525366745833790
73106682190133229
80965874437366625
111655835437132610
93312464980832790
29194958537644320
222427597790442725
310227284154456669
81274199709266564
173534097333556380
717953640874484
94666949604848565
93114045712953950
321167906716865854
192130850366135695
150366769839870479
5998994578927210
134211032055970870
264829063255861230
195518655768317835
74983835305016776
15319435385018086
37574344799121844
284267804417000854
31502936661767255
821665976623610
3183936870103800
122672791014398611
318071857421705750
294098515519401546
51008975988539280
138389483003711030
32189233525470581
149656772187890850
132055256761783770
2531980078370575
1798413339809515
83121981173838230
7536456934539160
237213335948174399
29551396814680620
77853699254543919
46721714983253739
302533385483874700
212860333359643256
232131947601729005
63054404151978370
55728449444204746
87535638472509876
25165611813130495
101283798014589035
118825160780041925
155389507154681030
154036514569546245
26672712698944620
144682758989676245
137030751775030
35226637555685785
40546237336843455
11022656638889299
215598694455245219
216624944754822604
46136481700189650
46002289894180199
24582836290180715
81512897571481090
236160348906585350
201162385661432844
74082012088902064
307131990323209380
12639667394624179
109130399061472096
206617665179969785
33223495436395824
28772397364595635
231580847415891050
20682545395668365
92537071720341570
153577922693552005
162177523143958035
314677130640102260
280103019850356555
253184268253950201
86275807853997165
46237698579001839
171677616254452476
19283306451465889
188448556445021236
194371737822895295
84038521963783590
1436778103331284
204444373118699285
300727787709265595
64501747687997214
300599892130032390
179100457450808971
6098986715008390
150055246115351214
245079096525278960
46396515433545095
41773382643610401
288583567762835554
80898155473262694
119789015495301481
305980126575927475
188218921046417660
295695592188507225
310062403395647015
96068070979556571
19686808790982740
278661136324920440
18196751266313174
245101091751829481
130208902674218555
50647350213997850
273778041466816745
61483919035641619
53485843143203900
100332237653525899
27214850546498770
27826698670067011
290171574132771114
55257263074677235
7496389506465365
88244112674235350
17978176747686224
190275507592989
27539269470966456
60619273110715115
233439384260183019
140341409597323220
46145312203630354
94952397179137475
20277410254745644
165046629713201720
238116785416057105
175783528822649946
185314163582101631
69561166796643170
630916732066349
302126731764849615
246390512859710571
281072091178689671
202474948809197545
37144529402013215
45890484612656005
101230023366834571
34905294971320584
257444414381685965
133437159748711495
16779071388820755
22807732828891885
2490896508939305
2105770878392610
113976250723043995
24119049562184864
153494423424471715
150313251174194185
72345972678551360
16586766888341719
103024257948306365
178827638393269789
19911810615569535
2402186530099166
85643782361628505
28540599961415880
106906438396512755
157494167012907240
70130910953037025
267358176333010320
137563582173984535
145380399514089860
218064898019132549
132258718254296711
96028807973109726
310272088443952385
242129077551115274
39227739188890720
173553512517119735
152843572963728361
166033712965151395
193524242032948255
16317661934110719
72830271146155845
5420558583278475
82421926562849580
34186254869799110
17550225710705401
8630198806889429
121265441391175095
5403887220192565
71773617678949345
242867589057493106
99933040320074654
149525471786919250
11742141941599685
262029656618429205
284133831406630560
310120533872121301
132713346755457575
35834515624758865
222190198672983269
224654813416250966
316915021820501580
249783129079042845
51976599737979840
286259868363189859
9335694335075710
71530683421926759
215588971870330800
274983086998222195
262022842640999545
212449775535851915
36661734262909720
255310510339186974
322750840498418164
278238048793242230
97107610153229390
287857483039231154
676467216478391
300082146001817405
81326118758801931
284849140952390105
250096761907924855
180776450261559195
76497838914127485
16248308094191495
149988295402008665
78548278047595040
17689805999473960
131050738550713905
15320205226308905
37015002511136055
185753985162475456
65338032572885410
12381843897861529
289096190635782920
173157729241067249
166523060563136320
74300168648917645
27004610979760450
86691546789264156
49252028183995321
78934615758246550
133474641664401521
138687993553864890
138294895700219985
318596504061419640
82378599500102645
191909305402155055
5302046084634965
302997640841927395
37256024690375920
65010593198862520
91829902409580741
27814475842959715
204232935566994971
190613923099471201
249168181178761776
4609411344044900
255315533156671105
47344808180665380
213943353718175045
302101445078643369
178539926797814735
8915351777684616
320922138721949116
179452955900677250
181920714806167106
63825322913603875
32414660999985
313389368304253970
126182448239278496
130143720530893454
305414709694898944
9982269564327290
191775076725919554
1656975006242765
81478099119927125
274134269050033964
102025472324667845
324887192127631141
74601293401038990
284701482072536515
309723295022231585
231317381905791090
265243601745017644
116023519253285740
10262094284153915
306098206351793350
23506833580533170
296732668293963286
17990598909604035
35478029525359190
310129111114809610
48917959409815834
101165880211316900
53967710266284430
153781429749444420
264963762306591425
9348888617497030
121085128509650746
1066997643858376
291114376867932431
45373326578758940
17837223637884929
11402775812962611
52043839770313820
268512289191550355
158750181964416705
135910654023977574
81958722224817955
261053058177865515
222248960204690840
3300580189434360
64166108189777699
71963466180951449
1813466747139255
199208453125740759
49262090446818655
130640079183313406
308271553375388065
8083373664881724
103189827920661426
156886500422173431
777817531975275
83880582972031356
81263272199482450
10759897949696805
222168833411522635
124852224034840940
237427019974259521
46252438227992554
13939050843115445
290520894343206106
115625153324488501
65395075865683031
60345882883279980
273323992425273130
97101018447982150
78142670667656100
100557871107188550
82844964194550580
9453123667261780
23056976663925
5213741454090731
27276249653545745
198232360091043290
2329799560619586
73011076174209770
200700695711925696
295371656203372749
34746023585820625
124822608548282904
260982969400460
285044597318660886
242828725255796394
15968768451385750
65265510660568855
118562415803782951
17873743429106565
210442433599551244
49262929030577505
308459538398928280
130409928797998591
112711567339603925
51261154976359160
291754415199428281
68692286393941210
18484773086667090
316113664824620
312929895135317515
280840987593130965
29873660031591635
196776318219106626
32011281620949190
29876463838371150
240626773127743310
228625261628625246
167094759498897530
175059343595991855
60744222961297461
118768861540224125
30872500424603634
188274262505047796
277112793624765810
175443024344509845
261546157717633425
248163035838495605
120667633406234420
86198664655567850
81126371147934475
236108695316116285
89416048443140705
130505702716944060
1792298748916915
319573627912596511
26171179623121101
313832960382392641
1057102427910620
10169547816709295
260954512701412621
304596611031516370
4870506370048549
206558784941089789
37442656000003749
223912298164596915
98012612238947084
78528059782533306
326342285644163360
29875061913053035
27732827679156705
321873723150984291
32552414720266805
193191078689461875
71850883062361585
203014070368427824
242564884963787675
24875744924416996
209523127343606350
102490339891555520
154608640235678239
156645806349285044
246071001899312400
305243994658141665
196568092429918630
238233474785986226
213777469162911486
99912884357191619
223525182809488310
269313900233827030
90588664281945556
269920715393967239
293031339885270
104160724368312096
109497524941194494
66464735441066550
63472175193394835
57606155342529885
8880963692088136
89440590797746994
14582161706128030
76634362129771391
255661428780436860
262401197075701971
113180097621071819
57314383758285134
12199720984443015
150007673823237645
118330638473487440
203055746682796441
43728134141961369
96291200507707730
186369546342763770
279188599365008501
86615377534416250
169596590938922950
170724593219047065
114769251169653444
223411815783160256
57823610879985335
96044948136087244
119398714746737594
94417437099335056
279011816292351730
167152190607297195
158471034038430036
13008553014627170
319293690833628079
215315737270634
306169068796875375
152117495248986449
186570507387477590
185931463690657399
17131193794729245
200471540863685
50597536651566875
100578563585180161
57088646668236925
15253709278400854
211881500457282315
166892277889933729
17411661062875750
158777016915219299
315741704197555965
38444134161171025
265858049848603389
50377042599532831
102981750629761311
72020341915360116
315988680510584445
122617336364231569
53218761540323695
813844363725055
58255160780077795
91084229482600390
78218734322982800
11364671096038910
32566413037149586
87734678943049931
285168943257583835
8540630038857491
107127743541191975
195532319966335
5039045083189131
140985589017711240
11696102024296591
139946313515798196
112782444073361670
44466774691836679
207831921080252651
243151906642747250
17625628665126925
2392089852595135
312339667320570175
163890849721226095
133669225740187800
239753104671801799
275809857861323604
86819546387848625
2479028241835145
72896676815506280
46065343625449785
209122736062806021
270380555781747840
321059636310383270
21252874695652236
189192733689930179
157218311617172685
75219694873677219
10141454215948991
440967807683576
175785487017134120
4198582726090895
188143100366169300
291368451343490890
16533385981440809
277417047327525014
227472272368830291
23754689312127045
235602888659857199
149294710139660141
40963534329694886
378921824319715
121420429145190175
232786234705809485
220000554043559310
248163035838495605
115937442341574329
124052696598490149
263428163033485120
180015394915505674
226829532737921476
31643819306516230
243101669175808875
47644341435856725
250370992751461785
144436965775968346
5647537454879419
184368540923058610
120471676713814335
90173513576969845
302332824022106985
258847692945745805
196530121143397951
102869139946405
292274449495273405
22886449320800780
41619059809445585
330582435658728421
45948899592393099
259214528829033294
43165410832807550
77804785341504235
208335911349202296
42496490371545345
218228469016666290
92017590315751750
46237698579001839
245162196508267831
132219844753632875
128295161525278791
37331717855434311
157964165316342819
11494171855919431
300018751352764535
128390956116959550
3252490971580500
197188982629417675
170242378755035356
190535394271061700
149461607860709496
24586705428835030
278757876867825371
297988337647988351
24635280032041580
88963446126835840
290726239231774906
302197916679596721
201118826734377505
31736305953261000
69119860623074365
5344153384511305
52716800251292904
14674104369796795
3067087717910970
74272232500865611
179935827024013814
45057845580812050
308743559588588930
1097540248479345
140572975166861190
305509054686510494
78754855483135755
279716727590224070
135222846619187495
148293018463498496
5623625618812850
14792363878641140
303701962648956270
118605091756193806
41184662329852440
242115340732102041
247146670841514565
11283797500213744
286604234304420150
202603361078767726
130569399588188080
19005389754980131
125401737506481436
149855040575538375
241041440629584700
264364402088605819
905086509953535
251554459087382940
1211419218276861
253403272688677540
79210523353537870
853303845824386
100145514478711515
268577225343740305
131878948630933735
30524182314700360
51094566543988289
96030988970540316
61686661769487244
101692473365214094
137719955767270800
241751100704025380
19624845924963824
267580960050327505
23111868921060670
67657145660808935
217549845073652915
58056581730097929
102878502008915270
248534508825501291
12725414599658346
319607659190023441
254918097232447880
29907517708994080
150173339320813130
57747750074553721
105821701067414830
296582780493502585
69014813575022315
90542520236036001
55676570224100320
261186473891098665
97689290380701306
152539919179341485
167357409131681770
243140562093690899
7703507995990221
210407110946369540
11460303907076071
146282883838847651
261810816647340324
37206392208126141
67077543826947005
22466339549692360
267605145570016955
92967550356823715
161170681916869639
26814273719760480
242374003317687801
82854056387344375
332785134130494226
296289627562129110
246045681653044320
134320114267013570
143838832955121395
211971705534244656
95456785764197025
24468265623095
48009677008941604
178513546703829155
144866282710912565
146183001107587389
44269951473014114
211334165227426849
55328511015515045
23705048126193105
100994813907501995
43092503432894140
159870664524063025
22415864507077055
157622807562153726
8568297519025750
74749207505615071
27133629357848650
280412131372712001
288666237157946675
88652911169609465
11431885184978545
66280601452559220
115363698123440536
29301587327465010
32673441630086950
11014313801615410
64692294310313570
85472536178326605
5764167553021045
255205046388778395
175039490818855
312444052891659029
59714137567975674
220626536394429010
95984758895462975
20162086718682571
8767712581291686
324435205532843811
253116011315983520
70495542037056696
3335563231760046
5334177241553995
39945791976257970
4248802896433545
3428165901579810
8933071592941155
209943132681682960
286001549274214340
11107766524551095
325765833780339875
235077204584164735
317042668136008906
95057204884601596
13020292009867345
28594055560976430
134196855707829109
52066459351932675
301452902884715895
174352080812921935
286495742813704930
182195332908778995
22433563526686381
313608231597019120
47807183332203295
155946594537055
121118732600345415
332654294948920420
192673662081295555
138705271275562586
324245692587609114
221976607688009329
257350987126878030
50455676208983969
127865995342339045
221006496924090760
136769132595476941
60088312816208949
327088245538183190
281654426683657609
6960803478802376
193694100785993549
148492413937292879
260819477734422465
326972725092712799
104279575041160225
50673266182408364
242752628987645895
84003806267361995
27142270212286229
76067954521902959
20332989585662920
49511848842429545
43275054244887080
157048109174506264
3762981666808364
156372753986194006
20119280354174444
240496432427194949
50717714122324510
2462074041369874
187075583079843129
65420063850252760
178481894021250555
219122389443353250
182167257075835130
234777051972242766
57282849901245471
3147074888575189
256428032190593541
47844730498840415
318988667991572270
152561892334404420
133286759498451320
6890065506830540
99292515107464225
301836488037656880
86189329389812726
257064954212860040
247422840274540230
165018467091141950
103936168557218564
36126964043745930
183680762119305919
51957481695294175
122195812424151146
9509591323496979
29785429884696395
82767509884462166
65606999936645844
302069604591986980
146931782825203524
1702176803035114
210187904580248035
4984706265236945
282484658619019961
22799536621020481
216034266644898870
74252754858368009
289641289566099611
92682688618027065
16219502078518739
92367803243999075
68530877793415730
132548349390262715
39452945963799004
331524116504718250
149822766046357140
215425227644375191
102554130132313610
144107959481702371
284190472575517695
6108782459295824
206688917956863090
137551387795555720
231791920784304020
311513066505773935
168920654953410775
200975340996390401
229089882386428244
80876757910375554
299706569815348675
89820528786512650
307613259398970294
288278463648427370
299515640201768045
182110445763361220
58308316671734640
296452363684787934
167615275012981614
37029328141250346
318448070486682900
207077460720050621
988923991901665
175888639146471155
307105478287631730
219845948489247380
317180022890610489
132347291891971485
92274751153677405
320749590944149155
284711384424882401
173385295695356225
51122210670180
30532309535536900
201762137731908055
137117294780727856
26090585623711881
269476149278971271
8730000901750045
3126927061671951
1036473000341415
73243146845721229
148865447453606870
203562065778345785
58624164256864920
5575481378050171
38803021150420920
79404040728431650
248090756738577921
210977170910008715
149823939584401285
223847108875864980
3388734558063555
272431387087700360
241467876358023380
110228028246762720
175720221704147770
135164766892673790
165947641896242115
193803447681706555
141049269714227889
146111436841707155
81306207337419185
8656305289905966
283531922622090865
318246352389223580
48353957123792229
117256990849488946
180927454387527661
204206966952315605
58886980833111254
79034941188669125
215260819229139181
28832986928925130
215930933631358765
266805206390743439
145482217859303325
116998056267855686
39481398446879051
116154695237781145
284734790897724530
101526698637619395
24282466911080785
59658542597942274
302417161496571450
102074985029397416
294662777436762505
70232484028722925
123818983093158911
95127841954821530
323068050101376130
146631385664145305
13178067658355075
286438795742835346
273773656352391610
236126177226511740
179170523525890520
175407824861373690
203093116503169079
202329384924980395
70575795129143785
105273051359975499
38575547116246646
31262043632565669
219059644994563196
171563272220129699
57682823722392765
2090566282142415
189596789492811470
72484020578030971
227170111172841496
5060902966615909
14517325287537540
60017817023136855
12203469311624024
84371399106332415
297105756382834875
102092250104310895
110842216876594401
102208612926574575
128828723549251019
219761097816695084
250423053150482520
97902108017771959
144687345192599089
292105920071895545
72323583544680545
178673185974633520
318866324927137259
329847058562200751
264097168514439351
46865683028059181
305437350721225700
122492624511103495
27567543255796935
36736620597316211
298332757496051145
262977095555483496
81442138098514779
147073731242783059
108279958012370011
307598093655130270
84090413814497475
136565482984777300
118245428527766595
2387405107348660
10188207921221910
307978335436570799
118667869111141056
281993300900742170
136520806487066716
65493038156451676
177561650255600716
285900431711408220
65846173215222345
164017340356778320
248333111341416956
44166429840932355
43782632605207950
255981639279246375
146017976785688810
13985244343563780
34618160477100720
118814100596962430
65962242054688056
16363605079410666
217952631634835075
45920086013749065
270719032299851486
22330477960103525
299254989329999065
17966045676498369
33048816943969485
290609408945039354
133154913022162955
12952831774058835
152077192237271755
312826359927633865
62619443809421161
35965581356245134
13969553664527475
51226144284493775
243689556220219725
13480459295941624
33164843193559000
20899744447234436
233381820288854315
144823255422738615
315509316785201924
73804610445519786
104072335988166400
31746315290192720
68853249367897764
221993384879642080
136815520128571515
328060878993787450
244890968929257364
237864355360392615
184101840090076840
19648009943192276
162948275846261389
33464843828721984
4785006479724185
14021135584474305
47906163827946991
170975652949042965
91181957601655170
298531546187310956
71116062218429935
115327717281625324
273245154820266265
242179180941105485
268020845829927631
14470954955883665
33421876289432645
244893411527544066
27522011101495295
201943942275650666
108203895550327010
64916808460831621
64339292670443835
31049087152146580
76622728830037200
22135256754777075
235285640190962999
166942725284192569
57319022066052054
105657975735328030
321144494837058810
62335653007185
213909872347684175
286049407859082035
95418123845282524
3706501965157200
319048880033180341
34953304539800460
20362600994302919
180014731752840570
274632276206397695
221148714171757386
248183572234021005
23374796158102870
7799398657195109
269549052408391525
53292665094205845
20928323724915530
15578258764987905
212994583222278135
41837273993255741
4839255387531075
47009404638736535
6055277305858626
13570200547492204
66189683207845955
136417150441998634
288876161140340955
284753697062280424
99205120000190555
326597718117948709
40572020084934415
7132592629979124
49765264208912736
64886910452038480
70879246045565595
127349838591012840
66402978510102416
143316396028210405
96667063257329956
124803386967425361
112164004886693620
3677087589524504
82313243774363030
120063946464775
55585025935957309
77271102690262649
242098372437706135
141325629110063034
27127995006133715
51582157382446250
148390944796862460
385538835158045
228432438174188234
152316150802978629
140248180827146105
227924464073223115
142695233055768575
320354037049129424
7587745617284440
855682639764274
306997552179803969
130808313441780875
65201129247371931
166067646963498874
10040242299183390
64344636636580979
253296669210409956
75375848087809885
16683685086749464
196717212180312460
254720787790519534
244886083781409645
31138353038876369
219633862747946800
136916614996235174
158183087401689999
153132744524538340
6360810250316725
99798718425578004
255373300292736824
134576690082585465
200145038700872006
178505633182375665
94914737210616400
215195079291891449
107480961968133551
207601379764147985
