48263735017540141
114578753725241750
35394323999515935
114962418604361041
273162829508825270
3525935138259490
131146825918178966
268203336591043945
244940638286934015
60018773610255980
26009244245916646
190695230048210720
92833575693778934
155847479713960490
223171420795198395
168352406734586360
72270518091006375
9476671187260255
38127275195279011
308114008640484046
313612072213162126
244863287283790995
25868532036362120
168869174357066491
29876463838371150
155409949305579519
301443551211429410
328663809085259354
200558834343167685
62719868480790430
218493220112865321
67357459018668896
312309026430627535
87866169686088491
83637282677893975
305529813191734885
162731797884965930
275002438634533246
72857481705107870
202781362754464450
215357212197240465
330333875328783296
152365396659803146
24616969053837776
145947619601203945
16777162835257440
5045773282928986
43537616974842375
118169776359228784
56547581523943405
69928058694339594
233342398372266890
15925805955740931
263333293563236729
86528265338914035
140585909872513105
325997318268386385
35692718381476931
108743715877998201
237328932648711384
312404785865916485
137239567709685490
55497213665732264
238815892150391830
184537045222163235
249225017330759470
112529657032271050
102182241731903410
140677037667388810
2785983265106690
84093208596991195
140481330204565320
159097440013318249
172844505181242194
80723583868569565
146364902499487134
32276031266701599
7790485137473935
78302461336731970
1940292559329635
237780517790272535
209443888557397780
4990900017733036
203876060049573911
321391352297402700
266572514542525304
111547348629693410
272103712573811860
212050101219995585
311061159199940050
46785154179984844
248919521724911625
22812584570962040
19253256841764980
327828418554345840
289847130831545820
15569502558819
69419829399380845
277927879753646255
331660639065622950
163035169067891359
62721181932021916
179318647789780136
23899368471095585
12440048075069230
389441494328145
148952519957038061
211825320069369369
235154858209916304
111909727866974609
97419958889936125
76773302100307176
8561157428678085
202928579921849805
108424149206404551
275874202246539841
84116767081434164
44353302164427074
303583560386729259
67783631375519526
43425988379294290
41701801537674490
121527059794327704
296986297153499095
27677025257918631
10762939640828240
51601183251136771
34796769104621755
109638506306390810
143548370397606581
73719367494416869
63625874282174699
234209916174672515
7238862721126470
125716244205328750
212073031912662349
121102438931545175
306343909586047620
331638713209047855
3292793505277771
34128006558941009
38447451384817076
18642417945421270
264773309498174590
308033358927047416
31395375878001004
293251178675085645
263911410362175135
205354565911947859
284358642281167685
260262844908854601
123352952519248884
315811153273425081
31647149033677086
58188917532939765
18712264067669545
118255952247036890
22492351299565546
19677255903217445
275707632571048510
39771038309437050
282169551275261545
69213792750983279
117508322531155270
221027027197916506
268288988761844086
110152012051925360
248338864044818184
103749591621954145
231560453066228025
660028011234270
104491703574238835
72184657638570400
95791277169557541
49219335292995175
202863939223792440
22360842083449961
6023820487001270
195478717896291214
171422018301991289
423371879202636
286934397602786640
73912263956955865
67942825940322256
203057183898807554
298105280683572530
318435460609088625
6286903914885281
316618279950228495
65567757828046270
182618155712157655
81933998845569415
66774779241966320
21719722904280400
112683419072332796
20115279982349475
168865996885276276
318515975549881915
118756297173832200
110503221494623295
235521963229424136
100957376597030625
233993427893416590
100936181259481490
301793435458114185
89254763098668571
109933719851240964
66554880485195426
10002631131791375
292105004328162520
330231504724241444
312152980498273005
26534981580597776
254860398766016785
164006121809656855
197602223575858024
184964832392737320
135325348585149165
110307428374132935
208685529739789795
168657006828149320
20040294427492375
152096750162587244
183444943666519600
230653333880039546
79497840834794984
148053630327898030
310758540054789120
171824796492674355
95542400409262235
276570289177365395
122028906604078215
91571878739696836
145599051085861590
41701801537674490
42148638187889520
59441259887228744
7921926557206454
21066692011930851
32494131577292155
56979542738551004
159175627525993001
122804305856308755
189174910852403490
55131521153898335
115718978651306896
31289712536795820
57228465741201015
306270184815345245
331377670465575140
206544975146922435
178112889146195795
28026589469540065
105145105756576445
278473044511469170
128519639292604755
275346521462366065
57108078056005900
23089766644100065
76390684493978566
186553528743611065
63010916577749700
312098424557807845
171554923241339885
184104532751187334
313539105868183300
126783620108473769
217197156524580545
150210954138315434
13350687377505984
167743674552412791
193051389251962675
159913558558912040
251626580285953951
102763000272382835
89886460530119729
2021554048467225
15212933607721990
45041780879120576
317488732097709045
81721504652336120
77602522431404300
31463738732822969
2261210071145151
248258334281443795
98686712281467365
731193175532490
249070179712743740
11762248375355995
291062300714655330
31457312548487565
302612134778519154
23397590408018841
18399253042636375
47985776130541536
1057275120029480
185233717662633535
108034418718569951
2038762787378639
1588417421644339
65822772336492575
123689842943216286
306472483636946704
314425067358426445
14083031476798144
135386216490114884
167652586348931775
32220395363592835
45038357747837069
275766673406779660
30507119845651826
216143625860934071
33651823422962640
316194270652970479
220805823452173820
207140080510943580
45257787998590445
218050580027405480
17899208820264095
4898411050833690
25640144753744535
319872213180087689
264763875021121380
38909449180483959
292066544819592555
110316040317197364
292637373973581775
269296551250915760
35504537546184525
71415329767699486
1713112828845586
79445165292810091
92782835509232050
259812858209821020
204503572892079846
222374149165785430
115287309368294271
199341159168123805
295941239829247090
73236228555768915
292007946345729419
20975433639055875
157435331239731160
33272209912150
221792876524785285
103679338578050620
115336588574984821
136750911790864524
245997496305754935
91701676055149889
303452038414835289
211733678652313615
161043196453401136
258846003259432680
31045183101362535
45960375019342796
224254557635459610
172373767027491029
333320833489499350
254284727765286661
9808642678888564
214709914712082124
6230671625576615
130109001223897509
1717494354625959
32636252390815150
190911701833193929
45931023083070841
146856500359675059
4024140956981305
316180754948668120
23747127016378675
36286320864168380
16147503146940325
133212958159058860
121858573901003940
137332565882862350
194105932819661940
250675193633537505
260196712638442874
273100658587585850
101861150526321060
96006563685523400
309914727488856385
4362481527386810
185789878190935590
75492826052458675
25814715097538124
271600916426737204
43133679620904300
28151909778549235
44400493689837480
332107339472985670
203175777579829249
295093131470209086
1903860478966880
292507199858364204
114914721015416960
3229258710177605
136397858569203404
54525410254769949
282860049496479590
64175776957184230
214683811175765294
240196505953588275
236397257194992699
118608104563251485
45653068423819675
173260497369169440
201108830490846994
279967688111443255
114835090543993295
321314256745295429
6569131707147056
2275862309293235
234570499196629695
206860573496141084
167266460827863826
163926983264324280
260022109481560335
228261475884744024
30506307505764420
64411126944906390
69889935147392880
90914635046066400
111962871855829764
21019287077627930
253608235220876535
75436364444191295
281139036730637896
57985191431982255
309275974579206090
107283120511501605
261292729089827540
111410514528215504
112947614634047660
300888408697499021
107840139820337365
295372578761701750
276257831768732646
76439753285797300
219985393432521640
97772261363742300
282215191508813870
131385368247242200
21618514735944775
33344455037693085
23541159137020174
290891497996707985
187965582088514790
159109044353646035
129410057109515390
303114013497466509
261920647154686805
315159504535319235
173398878401774611
5889715956558929
18268221653876670
67624340410928315
41194337749028564
222043721526638661
183879785968081035
61760733122390346
25196884871702670
81754413245135566
166582879592295760
206498462474100195
136546728700179539
312190311909949109
305385466691893840
205301717004600670
168444382652512400
39471752005288031
63479126048546005
916520117171295
63903423525810385
51266608896365589
175885374220443020
8474056221776019
22564526936011776
100237051676365981
274876669225896374
6492893280006875
144797443139796945
14835147594435091
247467931956190465
214480276199798790
146517469368273290
92066354685547740
40046019796352116
205426976396050409
316052374966747706
6570445078668905
310852073269363409
208013701985118675
259197616336679384
249792204236780854
92689504842451505
309862337633946630
81380794272187501
3461900648514789
35067949361149825
19356392788873421
139798343877872680
14575210164747050
212226932222365541
69664302145477040
80801701767953490
92455814079503666
176538509194031336
319371434728278919
768129270703110
177862782859317465
153437184278440659
129370147623412740
100614557264413401
262881480818743680
19213388495348035
196688367103119376
29478091899446451
69009214057353075
19692268971896834
90844838550151161
176166305560610755
55056528887156434
168065593717596
149628043659871050
89675842497621289
181580331654437851
107899059026588115
103667403305778359
3961424265848730
321626618717959589
26091683518516660
17707888317548520
62211958552683926
169949912406206639
19068120859929835
193549296913037365
139015957491795764
119434023966162829
13209774960694060
225308843743778891
2631918696501380
275920924302872835
332903018636905145
38913748562731056
228892127683625385
324218204613151800
32091877262643974
73579389769930030
252302037401817690
313821433218511295
71696048720625805
233348705580574774
19616826035652945
219988425499007734
59068516482438710
96686342119507630
89187064521576889
168748458447683296
141837562323105775
1206344154849666
78882189335030769
70630515741999386
299370401766795219
11656062985866640
23048468153809770
126963765284182841
292791432654331259
24469580504179300
171434856362242599
12265316976129504
18331490000525065
445975710889415
170998080957796535
223955253317036695
212914471541998485
178029933201990584
65270568586607510
323873755009938825
128443901750183500
66552147620369334
168384118785299585
5355160600262780
125749133421245125
252410023200106695
28429819563212991
74599450318283760
73444331628272985
30589037027432455
100079140031895885
35246982348813626
312851282982778554
2361563862253531
52925589853713236
32416669978180740
83179836722504599
158414391162564889
299620874297304665
36089242277548119
53827621706082730
24054512457951066
258061938673810424
39574808942417744
3399351529348516
100132954900747505
102045911408511560
146128171552904529
1004448452737219
223038282572836324
281036391230181851
41681793496823810
25481310241949455
274277373415501521
8568384617791375
44033753175335495
316022456807819930
115465273456555855
11008033703790816
106025197566655796
313245434843173195
56805081308330696
182280915144125875
31050731060916000
18549414689118404
14040012122815979
47457326401178015
165973397271577299
167175545479832890
10898773709516371
6049750663757386
292458623639803005
223520586103262839
72914101375796464
7166095415844365
104450638890500070
66542924753898021
7543895424155610
283934298702964625
246017096365872235
155739676040808981
254027669245118519
301433264594199400
2233586987752680
62867746781324455
1203282399005701
79601722099177019
252361841114830950
162606588830454405
67625376204003709
30360523550353164
219089881787669816
15492266240816269
320532288302778916
332555439238226911
159392609740238891
32652612177505705
222885315556399224
14898910958790444
3901939779848616
42735553746103240
69530210881555710
271839143566952541
22210939890254206
149699578651289095
46913828206103790
91612876373169684
13095843100394280
92882627899268779
187081026264994421
11640243929610010
132713887955507144
277509074827139090
269556864237742810
1216010776448790
75824734414541021
223101019274037905
188810473903517900
266412294443059795
155656598774915224
308964057316363006
234295283996928245
2412236751194425
269726157604235255
140035481952301075
157071724232597460
71626786715965481
193547904918525444
188078907787484505
76703060117856415
18727662391528505
35108970543153829
12231385391321651
304909351590159580
107282181226986164
23671935290127600
19133816991887876
52438589312666755
188059106641658651
95276163514434161
219592219083128220
226157890703028790
297579277874090135
245869304924591964
223603336457807881
51075092728722235
266206514491321404
173934990663855325
215954891974715165
21596729986370140
1944696683193311
4941131348788025
189232496361355496
29599339011460756
135456429162296836
152849519324518466
288806175175277864
251682131293390209
325571865282648105
283994508187118030
189544620965414036
36832789612050740
44513524132751025
41280987809455030
113467005706395830
264748437269368731
129778675940101700
30565442877512969
303079286280182291
189528835008066224
232654020107752321
277770225105726430
239947427128391940
96309555270954795
45250920038482020
171246201409463180
33920081107325421
76534954162041471
286081015511798920
106559155717774760
60148964171238544
202894103174359141
13771899459509980
36425113343204300
80878702987433169
250508183314653300
244343423124548580
278336464864916821
277681681240092480
895177352134499
29592572242775955
46747353705780274
113680186031468540
123722377793987310
85676927100225406
311922357533246369
62313254952422081
159836967449636790
224019696345749205
25095654084731139
92317657819431316
259943309383093825
4495740162914
187225309146448739
48198139390129534
21488347283142971
274229081100674006
10677686161175215
287531142648446774
149431147074571090
154817254732137401
25803633728724250
48206404470788949
122425428113050890
207474508942904406
106826805752671290
60789555628769800
52198537548426555
271591320449092995
106993142405135000
188401383944698605
226389607856870640
76614473654169789
23255792877329636
421217567340600
92868550281684375
11556684363064450
313493987608597389
167884166829927514
202916368960476900
288819807918211584
210356341557508861
247581095202052470
238363796306568240
65136790187631020
118717102045950485
573749337782334
303164701224034620
26802162920003840
48858721834374180
203559186590414291
68685657733354324
149967744354775655
247104894566138040
260751553231915305
237323351255806156
27322076496772694
31288473281637221
111467836314971955
113855026876314295
63473168141635000
16773346162322750
26531835823957560
263830115090238515
40395933199953240
47526342002643309
103630685136298719
68039848906918196
122976547292670050
70723321099109240
304213513111534494
34861546816228561
285470046139122234
261488313942871595
306991872558880990
139413775473225440
84755313214343574
180827662505302086
65954771536503465
105736561407630986
2257055751149185
38524274736952850
235206372597414449
189938180199420870
54148521243508510
106364782199348920
70247710737016310
10928043548688230
38388717380918464
189048126824739870
51554779873724330
105107576189737121
297059450554816950
130781514884665450
24723616887987666
231897112979174239
43600717511295070
80057170124671545
60663259019200395
125833209699370174
317627183981946140
67785706224089365
112979209709221725
48245814341661321
63526802726123725
4954600208326120
246731574722393804
326648031333780095
97464886472683080
279415239568041841
138598841029033930
161332136776121990
216757019786138260
58080287524013435
5852145687530464
24936947987772681
18476049270561680
19912880311857335
111367174970394359
81181737084609546
184359107716499911
86198664655567850
3905704479718405
201105974482106260
286343900728444806
161073983883267161
93830361048351370
329927499334823915
321793620109287950
114644029343595829
330310020093820060
108896381978663174
1414304223969365
158485044573836695
197912886089877244
215965374307176164
220171917357288135
90702413316396140
240894038241037160
146056048292339779
236624774499232210
153435991947573046
318743042545258396
54100900314594350
98260000443444180
1124831258424860
37677580053627305
233581363262521209
1656509022525525
138846891174003325
318096089018660650
188194328324012750
75880271152968815
135595829306033075
4594218561860760
285675711102517736
12403899924132016
137632882096197285
1505161194434535
13249684381065839
332912010970538489
71465110064560135
195398158043857769
92462193847747386
216349710898703396
180883541437387580
12563184731700680
162942070369268784
26457150983932930
8683958251539711
14378387733972941
30165793396966590
316062026388542511
157499626745179749
13022940013610420
245984430177370495
169879719317838984
83342848201303760
10992600993665741
187356044434484995
191205648289664910
9574159447278124
130366605165633550
46081918139945336
145082121313941721
214565253176330455
112289351127538914
84435037218335350
202221153601288184
263502536111907716
281403352273052100
53343052894192446
162516131194128616
219207831866469850
112122404765701429
259430227598182334
329150452828679300
270566726439005711
2607411069690890
57041166277612104
137572451265507279
233656319828834469
3886031061450370
138459059999934905
31404899300101055
162844665033046981
273995601906984845
115002258660767725
264336128477735655
319739917943976685
236177833366539245
6579643581204680
109927037119608765
328135091621260275
118605091756193806
40089373918959885
44750122524439821
126204951273133585
40840315513772720
18034336107061596
186353937171482886
59309878444923224
194953726051838339
82827177045576865
132850858848653946
40182276369208715
158610567060708450
241006799692712690
100107838895183149
101369243944523225
305440180928190265
58888555060882869
1033578410647211
3026084086762385
114875392726583880
46103043039105775
255261122809352765
228113118726838840
74688690350008505
99459421625749600
12864123334713560
194996390229209590
212047882208430540
280823147027065175
7149562528211334
79139569154935585
83670703559624085
246311222211915895
67885694906421161
258002080760343180
263960195540376071
300630695778412015
34813843101403366
318368536831094855
34801425095435250
99523288220730360
292357822237573070
134156513104034520
5146982066832515
300567223893265945
1173874926980371
198175083953389010
200258223914703270
131741569592926475
300867860963448870
96157979918293370
2084247040348814
324050365340615655
33155611225591790
311463363964669329
10295725153594466
43070263856415480
169327783195612055
65523460126631521
139470268909047271
55228600034810740
115918155083015670
94163627499781670
202756235234132165
110312691174967336
157189835033209225
49019859708496985
51052188693481955
320355010920078225
32929428593947326
205990185902952745
9496246233328140
10622810054908870
296610533684568840
86553904448642799
59011431286373264
227246013670780365
159874340855030984
178649431960461154
262639986140167111
180902170305919854
241492074917114035
54060147089376169
111166034122752350
174056221924438131
69928411754907315
318102874086340166
124683945721889246
281385487898341310
11535963339432180
42902818655107936
253207578311201955
84350993656889765
200271752045386315
23901612157014020
214985995812431909
27155234933298255
40856105296855056
293155702821760065
191613946680575350
42027578741041440
128209992024176595
230145977274015685
71717230987128419
17814938377748526
290388612219100521
7220896913532890
143686419699250714
56065993057196001
97624887859851065
232149232662334400
82945806141743715
5274959177568031
319808006523568200
70959790028163036
309884245400404689
171294956085011030
134451636833991610
91037075393600414
264611239182940651
71490904634302915
95346909001822910
21176359925095996
197556357828618504
614881046368121
187758845950917431
262338112726888910
80360086700101005
4997038100563770
149816311696652986
136351565495446950
293156620760124346
142986819116460800
241575168940536475
278001413264639644
181117160098408091
274042989213702800
34568030258217170
214699473043654885
3014479666408435
58662783082581370
217106977668023325
73391813169794721
96552319457124025
255600267129116495
212277261930040475
65857706122506914
186364116966939406
121514301646185379
127738804103257689
244532897034018944
40641565153244965
52720309690692770
214084758021694560
60109695743263815
297638619321267575
201584733095413555
19122361353935425
189425218531882845
15157065426941151
103170609054829085
1456065721333834
185255347889808175
54447980561427640
197289771508874655
8795159021271441
55550192754343664
226292267384009841
124653318732359165
210268801945562130
17062584708731345
62639454545503815
10669115092861280
90685197943151471
310665025604423595
34582600570797631
40515067087685475
820024766572445
294112314302112466
300745527916277144
108319656921781305
15791095722963210
312263068853200295
113815940753447135
286036765449895936
110274420077805296
161747360382620719
10309808939780650
94249328865315161
67377777924121250
84333391599330195
52848803781811885
19850748732312135
123428738136120065
226984298887518576
15981962599609700
44256156602721275
305352452641722395
302946033475284640
152211760962478365
130007549424970014
44007042346640396
25073729816137805
61501742543487059
8259232197675690
234877602335450629
156800596377146420
18485354772025584
52227595631717905
29282216926100325
158553890938543840
79087052010906849
308678000769324835
290152428907094740
39446919650726679
71181064654293846
244475963252508009
3322670507576419
308505122031922464
140931503663936120
264176805827095370
124747292017928319
44254855347811745
15507654216827565
84493900914994236
316444380662102385
15582021697315516
5415168706750621
137604050502117815
247000883907774200
207915862949980696
114699017510558845
1426948021061486
238084822376771365
187088510816974755
101498634436646260
10090180877744555
313188833093668810
277014666231110899
116851330300876051
185832549503165430
40108137921786531
25805995065957700
302931959756013000
190693851771749535
84183473422902320
327865011422529751
233470930176165239
11660661748447425
