10075156
7757035
7046326
2452645
4812534
4932095
2870
9504105
3671695
272459
8256446
4992611
1594684
6670936
10172500
1229305
8427559
4992611
9226855
8256446
3289715
8427559
1771175
3822225
2767905
2162281
3109085
9318664
2093460
527046
3622411
1327279
1710970
554659
8955050
2607099
6098444
723905
8865649
8171765
2727101
7838831
527046
7757035
4465475
161239
3924830
4636840
9882335
568820
4579240
690880
8955050
9691990
5430139
627874
8513995
4409306
964535
2935191
690880
6894525
2304415
10270469
2127685
3671695
3671695
380380
10468290
1710970
4812534
6098444
2415009
3429685
4992611
6894525
5824910
7435541
3924830
102510
3243919
1511015
9978435
5559680
7123055
8256446
5302626
7515065
1566460
7278180
1511015
263810
5115124
